app/build/intermediates/manifest_merge_blame_file/debug/manifest-merger-blame-debug-report.txt
1<?xml version="1.0" encoding="utf-8"?>
2<manifest xmlns:android="http://schemas.android.com/apk/res/android"
3    package="com.serenegiant.opencvwithuvc"
4    android:versionCode="1"
5    android:versionName="1.0" >
6
7    <uses-sdk
8        android:minSdkVersion="18"
8-->src/main/AndroidManifest.xml
9        android:targetSdkVersion="23" />
9-->src/main/AndroidManifest.xml
10
11    <uses-permission android:name="android.permission.RECORD_AUDIO" />
11-->src/main/AndroidManifest.xml:5:2-67
11-->src/main/AndroidManifest.xml:5:19-65
12    <uses-permission android:name="android.permission.WRITE_EXTERNAL_STORAGE" />
12-->src/main/AndroidManifest.xml:6:2-77
12-->src/main/AndroidManifest.xml:6:19-75
13
14    <!-- OpenGL GL|ES3を必須にする(ES3をサポートしない端末にはインストールできなくなる) -->
15    <uses-feature
15-->src/main/AndroidManifest.xml:9:2-75
16        android:glEsVersion="0x00030000"
16-->src/main/AndroidManifest.xml:9:16-48
17        android:required="true" />
17-->src/main/AndroidManifest.xml:9:49-72
18    <uses-feature
18-->src/main/AndroidManifest.xml:10:2-82
19        android:name="android.hardware.usb.host"
19-->src/main/AndroidManifest.xml:10:16-56
20        android:required="true" />
20-->src/main/AndroidManifest.xml:10:57-80
21
22    <application
22-->src/main/AndroidManifest.xml:12:2-26:16
23        android:allowBackup="true"
23-->src/main/AndroidManifest.xml:13:3-29
24        android:debuggable="true"
25        android:icon="@mipmap/ic_launcher"
25-->src/main/AndroidManifest.xml:14:3-37
26        android:label="@string/app_name"
26-->src/main/AndroidManifest.xml:15:3-35
27        android:roundIcon="@mipmap/ic_launcher_round"
27-->src/main/AndroidManifest.xml:16:3-48
28        android:supportsRtl="true"
28-->src/main/AndroidManifest.xml:17:3-29
29        android:testOnly="true"
30        android:theme="@style/AppTheme" >
30-->src/main/AndroidManifest.xml:18:3-34
31        <activity android:name="com.serenegiant.opencvwithuvc.MainActivity" >
31-->src/main/AndroidManifest.xml:19:3-25:14
31-->src/main/AndroidManifest.xml:19:13-41
32            <intent-filter>
32-->src/main/AndroidManifest.xml:20:4-24:20
33                <action android:name="android.intent.action.MAIN" />
33-->src/main/AndroidManifest.xml:21:5-56
33-->src/main/AndroidManifest.xml:21:13-54
34
35                <category android:name="android.intent.category.LAUNCHER" />
35-->src/main/AndroidManifest.xml:23:5-64
35-->src/main/AndroidManifest.xml:23:15-62
36            </intent-filter>
37        </activity>
38    </application>
39
40</manifest>